[syarah] start (full)
[syarah] browse /autos/toyota (have 0)
[syarah]   /autos/toyota: +12 listings, +48 model pages (total uniq listings 12)
[syarah] browse /autos/hyundai (have 12)
[syarah]   /autos/hyundai: +12 listings, +56 model pages (total uniq listings 24)
[syarah] browse /autos/kia (have 24)
[syarah]   /autos/kia: +12 listings, +56 model pages (total uniq listings 36)
[syarah] browse /autos/nissan (have 36)
[syarah]   /autos/nissan: +12 listings, +88 model pages (total uniq listings 48)
[syarah] browse /autos/gmc (have 48)
[syarah]   /autos/gmc: +12 listings, +21 model pages (total uniq listings 60)
[syarah] browse /autos/chevrolet (have 60)
[syarah]   /autos/chevrolet: +12 listings, +77 model pages (total uniq listings 72)
[syarah] browse /autos/ford (have 72)
[syarah]   /autos/ford: +12 listings, +61 model pages (total uniq listings 84)
[syarah] browse /autos/lexus (have 84)
[syarah]   /autos/lexus: +12 listings, +18 model pages (total uniq listings 96)
[syarah] browse /autos/honda (have 96)
[syarah]   /autos/honda: +12 listings, +55 model pages (total uniq listings 108)
[syarah] browse /autos/mitsubishi (have 108)
[syarah]   /autos/mitsubishi: +12 listings, +59 model pages (total uniq listings 120)
[syarah] browse /autos/bmw (have 120)
[syarah]   /autos/bmw: +12 listings, +12 model pages (total uniq listings 132)
[syarah] browse /autos/mercedes (have 132)
[syarah]   /autos/mercedes: +12 listings, +46 model pages (total uniq listings 144)
[syarah] browse /autos/jeep (have 144)
[syarah]   /autos/jeep: +16 listings, +12 model pages (total uniq listings 160)
[syarah] browse /autos/land-rover (have 160)
[syarah]   /autos/land-rover: +8 listings, +8 model pages (total uniq listings 168)
[syarah] browse /autos/audi (have 168)
[syarah]   /autos/audi: +13 listings, +26 model pages (total uniq listings 181)
[syarah] browse /autos/dodge (have 181)
[syarah]   /autos/dodge: +16 listings, +22 model pages (total uniq listings 197)
[syarah] browse /autos/cadillac (have 197)
[syarah]   /autos/cadillac: +3 listings, +27 model pages (total uniq listings 200)
[syarah] browse /autos/infiniti (have 200)
[syarah]   /autos/infiniti: +3 listings, +13 model pages (total uniq listings 203)
[syarah] browse /autos/genesis (have 203)
[syarah]   ERROR /autos/genesis: page.goto: net::ERR_NETWORK_CHANGED at https://syarah.com/autos/genesis
Call log
[syarah] browse /autos/mazda (have 203)
[syarah]   ERROR /autos/mazda: page.goto: net::ERR_INTERNET_DISCONNECTED at https://syarah.com/autos/mazda
Call
[syarah] browse /autos/haval (have 203)
[syarah]   ERROR /autos/haval: page.goto: net::ERR_INTERNET_DISCONNECTED at https://syarah.com/autos/haval
Call
[syarah] browse /autos/mg (have 203)
[syarah]   ERROR /autos/mg: page.goto: net::ERR_INTERNET_DISCONNECTED at https://syarah.com/autos/mg
Call lo
[syarah] browse /autos/geely (have 203)
[syarah]   ERROR /autos/geely: page.goto: net::ERR_INTERNET_DISCONNECTED at https://syarah.com/autos/geely
Call
[syarah] browse /autos/renault (have 203)
[syarah]   ERROR /autos/renault: page.goto: net::ERR_NETWORK_CHANGED at https://syarah.com/autos/renault
Call log
[syarah] browse /autos/volkswagen (have 203)
[syarah]   /autos/volkswagen: +8 listings, +45 model pages (total uniq listings 211)
[syarah] browse /autos/porsche (have 211)
[syarah]   /autos/porsche: +1 listings, +12 model pages (total uniq listings 212)
[syarah] browse /autos/peugeot (have 212)
[syarah]   /autos/peugeot: +16 listings, +42 model pages (total uniq listings 228)
[syarah] browse /autos/suzuki (have 228)
[syarah]   /autos/suzuki: +16 listings, +41 model pages (total uniq listings 244)
[syarah] browse /autos/subaru (have 244)
[syarah]   /autos/subaru: +20 listings, +29 model pages (total uniq listings 264)
[syarah] browse /autos/volvo (have 264)
[syarah]   /autos/volvo: +20 listings, +35 model pages (total uniq listings 264)
[syarah] browse /autos/jetour (have 264)
[syarah]   /autos/jetour: +16 listings, +14 model pages (total uniq listings 278)
[syarah] browse /autos/changan (have 278)
[syarah]   /autos/changan: +16 listings, +16 model pages (total uniq listings 294)
[syarah] browse /autos/baic (have 294)
[syarah]   /autos/baic: +16 listings, +17 model pages (total uniq listings 310)
[syarah] browse /autos/exeed (have 310)
[syarah]   /autos/exeed: +0 listings, +0 model pages (total uniq listings 310)
[syarah] browse /autos/mahindra (have 310)
[syarah]   /autos/mahindra: +20 listings, +2 model pages (total uniq listings 310)
[syarah] browse /autos/tata (have 310)
[syarah]   /autos/tata: +20 listings, +4 model pages (total uniq listings 310)
[syarah] browse /autos/ram (have 310)
[syarah]   /autos/ram: +0 listings, +0 model pages (total uniq listings 310)
[syarah] browse /autos/isuzu (have 310)
[syarah]   /autos/isuzu: +16 listings, +19 model pages (total uniq listings 326)
[syarah] browse /autos/jaguar (have 326)
[syarah]   /autos/jaguar: +20 listings, +18 model pages (total uniq listings 326)
[syarah] browse /autos/mini (have 326)
[syarah]   /autos/mini: +12 listings, +3 model pages (total uniq listings 338)
[syarah] browse /autos/lincoln (have 338)
[syarah]   /autos/lincoln: +1 listings, +16 model pages (total uniq listings 339)
[syarah] browse /autos/citroen (have 339)
[syarah]   /autos/citroen: +1 listings, +46 model pages (total uniq listings 340)
[syarah] browse /autos/fiat (have 340)
[syarah]   /autos/fiat: +7 listings, +45 model pages (total uniq listings 347)
[syarah]   /autos/toyota/yaris: +12 (total 359)
[syarah]   /autos/toyota/corolla: +13 (total 372)
[syarah]   /autos/toyota/camry: +15 (total 387)
[syarah]   /autos/toyota/fortuner: +14 (total 401)
[syarah]   /autos/toyota/rav4: +16 (total 417)
[syarah]   /autos/toyota/prado: +16 (total 433)
[syarah]   /autos/toyota/land-cruiser: +16 (total 449)
[syarah]   /autos/toyota/raize: +16 (total 465)
[syarah]   /autos/toyota/haice: +14 (total 479)
[syarah]   /autos/toyota/hilux: +14 (total 493)
[syarah]   /autos/toyota/highlander: +14 (total 507)
[syarah]   /autos/toyota/crown: +13 (total 520)
[syarah]   /autos/toyota/corolla-cross: +13 (total 533)
[syarah]   /autos/toyota/urban-cruiser: +12 (total 545)
[syarah]   /autos/toyota/innova: +11 (total 556)
[syarah]   /autos/toyota/avalon: +9 (total 565)
[syarah]   /autos/toyota/rush: +8 (total 573)
[syarah]   /autos/toyota/fj-cruiser: +5 (total 578)
[syarah]   /autos/toyota/veloz: +3 (total 581)
[syarah]   /autos/toyota/land-cruiser-pickup: +2 (total 583)
[syarah]   /autos/toyota/liteace: +1 (total 584)
[syarah]   /autos/toyota/land-cruiser-70: +1 (total 585)
[syarah]   /autos/toyota/c-hr: +1 (total 586)
[syarah]   /autos/hyundai/accent: +11 (total 597)
[syarah]   /autos/hyundai/elantra: +15 (total 612)
[syarah]   /autos/hyundai/grand-i10: +12 (total 624)
[syarah]   /autos/hyundai/kona: +16 (total 640)
[syarah]   /autos/hyundai/tucson: +14 (total 654)
[syarah]   /autos/hyundai/sonata: +16 (total 670)
[syarah]   /autos/hyundai/creta: +16 (total 686)
[syarah]   /autos/hyundai/azera: +12 (total 698)
[syarah]   /autos/hyundai/venue: +15 (total 713)
[syarah]   /autos/hyundai/santafe: +14 (total 727)
[syarah]   /autos/hyundai/avante: +8 (total 735)
[syarah]   /autos/hyundai/staria: +8 (total 743)
[syarah]   /autos/hyundai/grandeur: +7 (total 750)
[syarah]   /autos/hyundai/palisade: +6 (total 756)
[syarah]   /autos/hyundai/grand-creta: +5 (total 761)
[syarah]   /autos/hyundai/h1: +1 (total 762)
[syarah]   /autos/hyundai/stargazer: +1 (total 763)
[syarah]   /autos/hyundai/grand-starex: +1 (total 764)
[syarah]   /autos/kia/pegas: +11 (total 775)
[syarah]   /autos/kia/sportage: +11 (total 786)
[syarah]   /autos/kia/k5: +16 (total 802)
[syarah]   /autos/kia/seltos: +15 (total 817)
[syarah]   /autos/kia/sonet: +15 (total 832)
[syarah]   /autos/kia/cerato: +16 (total 848)
[syarah]   /autos/kia/telluride: +15 (total 863)
[syarah]   /autos/kia/k4: +13 (total 876)
[syarah]   /autos/kia/k3: +10 (total 886)
[syarah]   /autos/kia/carnival: +9 (total 895)
[syarah]   /autos/kia/sorento: +8 (total 903)
[syarah]   /autos/kia/k8: +7 (total 910)
[syarah]   /autos/kia/carens: +6 (total 916)
[syarah]   /autos/kia/k7: +2 (total 918)
[syarah]   /autos/kia/cadenza: +1 (total 919)
[syarah]   /autos/nissan/sunny: +4 (total 923)
[syarah]   /autos/nissan/xtrail: +16 (total 939)
[syarah]   /autos/nissan/patrol: +16 (total 955)
[syarah]   /autos/nissan/altima: +16 (total 971)
[syarah]   /autos/nissan/kicks: +16 (total 987)
[syarah]   /autos/nissan/magnite: +8 (total 995)
[syarah]   /autos/nissan/urvan: +7 (total 1002)
[syarah]   /autos/nissan/xterra: +7 (total 1009)
[syarah]   /autos/nissan/pathfinder: +4 (total 1013)
[syarah]   /autos/nissan/navara: +1 (total 1014)
[syarah]   /autos/nissan/maxima: +1 (total 1015)
[syarah]   /autos/nissan/nx100: +2 (total 1017)
